Assembler report for Proyecto4
Sun May 15 19:11:02 2022
Quartus II 64-Bit Version 15.0.0 Build 145 04/22/2015 SJ Web Edition


---------------------
; Table of Contents ;
---------------------
  1. Legal Notice
  2. Assembler Summary
  3. Assembler Settings
  4. Assembler Generated Files
  5. Assembler Device Options: C:/Users/Alejandro Sanchez/Desktop/VLSI/Proyecto4_Yasmin/output_files/Proyecto4.sof
  6. Assembler Messages



----------------
; Legal Notice ;
----------------
Copyright (C) 1991-2015 Altera Corporation. All rights reserved.
Your use of Altera Corporation's design tools, logic functions 
and other software and tools, and its AMPP partner logic 
functions, and any output files from any of the foregoing 
(including device programming or simulation files), and any 
associated documentation or information are expressly subject 
to the terms and conditions of the Altera Program License 
Subscription Agreement, the Altera Quartus II License Agreement,
the Altera MegaCore Function License Agreement, or other 
applicable license agreement, including, without limitation, 
that your use is for the sole purpose of programming logic 
devices manufactured by Altera and sold by Altera or its 
authorized distributors.  Please refer to the applicable 
agreement for further details.



+---------------------------------------------------------------+
; Assembler Summary                                             ;
+-----------------------+---------------------------------------+
; Assembler Status      ; Successful - Sun May 15 19:11:02 2022 ;
; Revision Name         ; Proyecto4                             ;
; Top-level Entity Name ; Proyecto4                             ;
; Family                ; MAX 10                                ;
; Device                ; 10M50DAF484C7G                        ;
+-----------------------+---------------------------------------+


+----------------------------------+
; Assembler Settings               ;
+--------+---------+---------------+
; Option ; Setting ; Default Value ;
+--------+---------+---------------+


+-------------------------------------------------------------------------------------+
; Assembler Generated Files                                                           ;
+-------------------------------------------------------------------------------------+
; File Name                                                                           ;
+-------------------------------------------------------------------------------------+
; C:/Users/Alejandro Sanchez/Desktop/VLSI/Proyecto4_Yasmin/output_files/Proyecto4.sof ;
+-------------------------------------------------------------------------------------+


+---------------------------------------------------------------------------------------------------------------+
; Assembler Device Options: C:/Users/Alejandro Sanchez/Desktop/VLSI/Proyecto4_Yasmin/output_files/Proyecto4.sof ;
+----------------+----------------------------------------------------------------------------------------------+
; Option         ; Setting                                                                                      ;
+----------------+----------------------------------------------------------------------------------------------+
; Device         ; 10M50DAF484C7G                                                                               ;
; JTAG usercode  ; 0x002AF9F2                                                                                   ;
; Checksum       ; 0x002AF9F2                                                                                   ;
+----------------+----------------------------------------------------------------------------------------------+


+--------------------+
; Assembler Messages ;
+--------------------+
Info: *******************************************************************
Info: Running Quartus II 64-Bit Assembler
    Info: Version 15.0.0 Build 145 04/22/2015 SJ Web Edition
    Info: Processing started: Sun May 15 19:10:58 2022
Info: Command: quartus_asm --read_settings_files=off --write_settings_files=off Proyecto4 -c Proyecto4
Info (115031): Writing out detailed assembly data for power analysis
Info (115030): Assembler is generating device programming files
Info: Quartus II 64-Bit Assembler was successful. 0 errors, 0 warnings
    Info: Peak virtual memory: 4742 megabytes
    Info: Processing ended: Sun May 15 19:11:02 2022
    Info: Elapsed time: 00:00:04
    Info: Total CPU time (on all processors): 00:00:05


