Flow report for Proyecto4
Sun May 15 19:11:15 2022
Quartus II 64-Bit Version 15.0.0 Build 145 04/22/2015 SJ Web Edition


---------------------
; Table of Contents ;
---------------------
  1. Legal Notice
  2. Flow Summary
  3. Flow Settings
  4. Flow Non-Default Global Settings
  5. Flow Elapsed Time
  6. Flow OS Summary
  7. Flow Log
  8. Flow Messages
  9. Flow Suppressed Messages



----------------
; Legal Notice ;
----------------
Copyright (C) 1991-2015 Altera Corporation. All rights reserved.
Your use of Altera Corporation's design tools, logic functions 
and other software and tools, and its AMPP partner logic 
functions, and any output files from any of the foregoing 
(including device programming or simulation files), and any 
associated documentation or information are expressly subject 
to the terms and conditions of the Altera Program License 
Subscription Agreement, the Altera Quartus II License Agreement,
the Altera MegaCore Function License Agreement, or other 
applicable license agreement, including, without limitation, 
that your use is for the sole purpose of programming logic 
devices manufactured by Altera and sold by Altera or its 
authorized distributors.  Please refer to the applicable 
agreement for further details.



+---------------------------------------------------------------------------------+
; Flow Summary                                                                    ;
+------------------------------------+--------------------------------------------+
; Flow Status                        ; Successful - Sun May 15 19:11:15 2022      ;
; Quartus II 64-Bit Version          ; 15.0.0 Build 145 04/22/2015 SJ Web Edition ;
; Revision Name                      ; Proyecto4                                  ;
; Top-level Entity Name              ; Proyecto4                                  ;
; Family                             ; MAX 10                                     ;
; Device                             ; 10M50DAF484C7G                             ;
; Timing Models                      ; Preliminary                                ;
; Total logic elements               ; 493 / 49,760 ( < 1 % )                     ;
;     Total combinational functions  ; 488 / 49,760 ( < 1 % )                     ;
;     Dedicated logic registers      ; 197 / 49,760 ( < 1 % )                     ;
; Total registers                    ; 197                                        ;
; Total pins                         ; 50 / 360 ( 14 % )                          ;
; Total virtual pins                 ; 0                                          ;
; Total memory bits                  ; 0 / 1,677,312 ( 0 % )                      ;
; Embedded Multiplier 9-bit elements ; 0 / 288 ( 0 % )                            ;
; Total PLLs                         ; 0 / 4 ( 0 % )                              ;
; UFM blocks                         ; 0 / 1 ( 0 % )                              ;
; ADC blocks                         ; 0 / 2 ( 0 % )                              ;
+------------------------------------+--------------------------------------------+


+-----------------------------------------+
; Flow Settings                           ;
+-------------------+---------------------+
; Option            ; Setting             ;
+-------------------+---------------------+
; Start date & time ; 05/15/2022 19:10:09 ;
; Main task         ; Compilation         ;
; Revision Name     ; Proyecto4           ;
+-------------------+---------------------+


+----------------------------------------------------------------------------------------------------------------------+
; Flow Non-Default Global Settings                                                                                     ;
+-------------------------------------+---------------------------------+---------------+-------------+----------------+
; Assignment Name                     ; Value                           ; Default Value ; Entity Name ; Section Id     ;
+-------------------------------------+---------------------------------+---------------+-------------+----------------+
; COMPILER_SIGNATURE_ID               ; 154522822306012.165265980910112 ; --            ; --          ; --             ;
; EDA_OUTPUT_DATA_FORMAT              ; Vhdl                            ; --            ; --          ; eda_simulation ;
; EDA_SIMULATION_TOOL                 ; ModelSim-Altera (VHDL)          ; <None>        ; --          ; --             ;
; MAX_CORE_JUNCTION_TEMP              ; 85                              ; --            ; --          ; --             ;
; MIN_CORE_JUNCTION_TEMP              ; 0                               ; --            ; --          ; --             ;
; PARTITION_COLOR                     ; 16764057                        ; --            ; --          ; Top            ;
; PARTITION_FITTER_PRESERVATION_LEVEL ; PLACEMENT_AND_ROUTING           ; --            ; --          ; Top            ;
; PARTITION_NETLIST_TYPE              ; SOURCE                          ; --            ; --          ; Top            ;
; PROJECT_OUTPUT_DIRECTORY            ; output_files                    ; --            ; --          ; --             ;
+-------------------------------------+---------------------------------+---------------+-------------+----------------+


+-------------------------------------------------------------------------------------------------------------------------------+
; Flow Elapsed Time                                                                                                             ;
+---------------------------+--------------+-------------------------+---------------------+------------------------------------+
; Module Name               ; Elapsed Time ; Average Processors Used ; Peak Virtual Memory ; Total CPU Time (on all processors) ;
+---------------------------+--------------+-------------------------+---------------------+------------------------------------+
; Analysis & Synthesis      ; 00:00:21     ; 1.0                     ; 4845 MB             ; 00:00:42                           ;
; Fitter                    ; 00:00:24     ; 1.0                     ; 5254 MB             ; 00:00:23                           ;
; Assembler                 ; 00:00:04     ; 1.0                     ; 4742 MB             ; 00:00:05                           ;
; TimeQuest Timing Analyzer ; 00:00:06     ; 1.0                     ; 4849 MB             ; 00:00:06                           ;
; EDA Netlist Writer        ; 00:00:01     ; 1.0                     ; 4709 MB             ; 00:00:02                           ;
; Total                     ; 00:00:56     ; --                      ; --                  ; 00:01:18                           ;
+---------------------------+--------------+-------------------------+---------------------+------------------------------------+


+----------------------------------------------------------------------------------------+
; Flow OS Summary                                                                        ;
+---------------------------+------------------+-----------+------------+----------------+
; Module Name               ; Machine Hostname ; OS Name   ; OS Version ; Processor type ;
+---------------------------+------------------+-----------+------------+----------------+
; Analysis & Synthesis      ; LENOVO           ; Windows 7 ; 6.2        ; x86_64         ;
; Fitter                    ; LENOVO           ; Windows 7 ; 6.2        ; x86_64         ;
; Assembler                 ; LENOVO           ; Windows 7 ; 6.2        ; x86_64         ;
; TimeQuest Timing Analyzer ; LENOVO           ; Windows 7 ; 6.2        ; x86_64         ;
; EDA Netlist Writer        ; LENOVO           ; Windows 7 ; 6.2        ; x86_64         ;
+---------------------------+------------------+-----------+------------+----------------+


------------
; Flow Log ;
------------
quartus_map --read_settings_files=on --write_settings_files=off Proyecto4 -c Proyecto4
quartus_fit --read_settings_files=off --write_settings_files=off Proyecto4 -c Proyecto4
quartus_asm --read_settings_files=off --write_settings_files=off Proyecto4 -c Proyecto4
quartus_sta Proyecto4 -c Proyecto4
quartus_eda --read_settings_files=off --write_settings_files=off Proyecto4 -c Proyecto4



